<?xml version="1.0" encoding="UTF-8"?>
<!-- Generated by org.testng.reporters.JUnitReportReporter -->
<testsuite hostname="User-PC" name="Scenario_Component.Scenario_Search" tests="1" failures="0" timestamp="1 Nov 2015 07:26:59 GMT" time="9.449" errors="0">
  <testcase name="testInvalidSearch" time="9.449" classname="Scenario_Component.Scenario_Search"/>
</testsuite> <!-- Scenario_Component.Scenario_Search -->
