<?xml version="1.0" encoding="UTF-8"?>
<!-- Generated by org.testng.reporters.JUnitReportReporter -->
<testsuite hostname="User-PC" name="Scenario_Component.Scenario_Search" tests="1" failures="0" timestamp="8 Nov 2015 02:27:03 GMT" time="21.845" errors="0">
  <testcase name="testInvalidSearch" time="21.845" classname="Scenario_Component.Scenario_Search"/>
</testsuite> <!-- Scenario_Component.Scenario_Search -->
